Using pre-set license
Built from '2020.3/staging' branch; Version is '2020.3.18f1 (a7d1c678663c) revision 10998214'; Using compiler version '192528614'; Build Type 'Release'
OS: 'Windows 10 Pro; OS build 22000.856; Version 2009; 64bit' Language: 'en' Physical Memory: 32630 MB
BatchMode: 1, IsHumanControllingUs: 0, StartBugReporterOnCrash: 0, Is64bit: 1, IsPro: 0

COMMAND LINE ARGUMENTS:
C:\Program Files\Unity\Hub\Editor\2020.3.18f1\Editor\Unity.exe
-adb2
-batchMode
-noUpm
-name
AssetImportWorker0
-projectPath
C:/Users/maxte/Documents/mush pit/Mush Pit
-logFile
Logs/AssetImportWorker0.log
-srvPort
57725
Successfully changed project path to: C:/Users/maxte/Documents/mush pit/Mush Pit
C:/Users/maxte/Documents/mush pit/Mush Pit
Using Asset Import Pipeline V2.
Refreshing native plugins compatible for Editor in 126.91 ms, found 3 plugins.
Preloading 0 native plugins for Editor in 0.00 ms.
Initialize engine version: 2020.3.18f1 (a7d1c678663c)
[Subsystems] Discovering subsystems at path C:/Program Files/Unity/Hub/Editor/2020.3.18f1/Editor/Data/Resources/UnitySubsystems
[Subsystems] Discovering subsystems at path C:/Users/maxte/Documents/mush pit/Mush Pit/Assets
GfxDevice: creating device client; threaded=0
Direct3D:
    Version:  Direct3D 11.0 [level 11.1]
    Renderer: NVIDIA GeForce RTX 2080 Ti (ID=0x1e07)
    Vendor:   
    VRAM:     11049 MB
    Driver:   30.0.15.1179
Initialize mono
Mono path[0] = 'C:/Program Files/Unity/Hub/Editor/2020.3.18f1/Editor/Data/Managed'
Mono path[1] = 'C:/Program Files/Unity/Hub/Editor/2020.3.18f1/Editor/Data/MonoBleedingEdge/lib/mono/unityjit'
Mono config path = 'C:/Program Files/Unity/Hub/Editor/2020.3.18f1/Editor/Data/MonoBleedingEdge/etc'
Using monoOptions --debugger-agent=transport=dt_socket,embedding=1,server=y,suspend=n,address=127.0.0.1:56280
Begin MonoManager ReloadAssembly
Registering precompiled unity dll's ...
Register platform support module: C:/Program Files/Unity/Hub/Editor/2020.3.18f1/Editor/Data/PlaybackEngines/WindowsStandaloneSupport/UnityEditor.WindowsStandalone.Extensions.dll
Registered in 0.001541 seconds.
Native extension for WindowsStandalone target not found
Refreshing native plugins compatible for Editor in 119.29 ms, found 3 plugins.
Preloading 0 native plugins for Editor in 0.00 ms.
Mono: successfully reloaded assembly
- Completed reload, in  1.394 seconds
Domain Reload Profiling:
	ReloadAssembly (1394ms)
		BeginReloadAssembly (59ms)
			ExecutionOrderSort (0ms)
			DisableScriptedObjects (0ms)
			BackupInstance (0ms)
			ReleaseScriptingObjects (0ms)
			CreateAndSetChildDomain (1ms)
		EndReloadAssembly (515ms)
			LoadAssemblies (57ms)
			RebuildTransferFunctionScriptingTraits (0ms)
			SetupTypeCache (148ms)
			ReleaseScriptCaches (0ms)
			RebuildScriptCaches (35ms)
			SetupLoadedEditorAssemblies (251ms)
				LogAssemblyErrors (0ms)
				InitializePlatformSupportModulesInManaged (4ms)
				SetLoadedEditorAssemblies (0ms)
				RefreshPlugins (119ms)
				BeforeProcessingInitializeOnLoad (13ms)
				ProcessInitializeOnLoadAttributes (84ms)
				ProcessInitializeOnLoadMethodAttributes (30ms)
				AfterProcessingInitializeOnLoad (0ms)
				EditorAssembliesLoaded (0ms)
			ExecutionOrderSort2 (0ms)
			AwakeInstancesAfterBackupRestoration (0ms)
Platform modules already initialized, skipping
Registering precompiled user dll's ...
Registered in 0.006120 seconds.
Begin MonoManager ReloadAssembly
Native extension for WindowsStandalone target not found
Refreshing native plugins compatible for Editor in 122.45 ms, found 3 plugins.
Preloading 0 native plugins for Editor in 0.00 ms.
Mono: successfully reloaded assembly
- Completed reload, in  1.432 seconds
Domain Reload Profiling:
	ReloadAssembly (1433ms)
		BeginReloadAssembly (145ms)
			ExecutionOrderSort (0ms)
			DisableScriptedObjects (5ms)
			BackupInstance (0ms)
			ReleaseScriptingObjects (0ms)
			CreateAndSetChildDomain (19ms)
		EndReloadAssembly (1227ms)
			LoadAssemblies (99ms)
			RebuildTransferFunctionScriptingTraits (0ms)
			SetupTypeCache (371ms)
			ReleaseScriptCaches (1ms)
			RebuildScriptCaches (71ms)
			SetupLoadedEditorAssemblies (549ms)
				LogAssemblyErrors (0ms)
				InitializePlatformSupportModulesInManaged (3ms)
				SetLoadedEditorAssemblies (0ms)
				RefreshPlugins (123ms)
				BeforeProcessingInitializeOnLoad (125ms)
				ProcessInitializeOnLoadAttributes (287ms)
				ProcessInitializeOnLoadMethodAttributes (6ms)
				AfterProcessingInitializeOnLoad (5ms)
				EditorAssembliesLoaded (0ms)
			ExecutionOrderSort2 (0ms)
			AwakeInstancesAfterBackupRestoration (7ms)
Platform modules already initialized, skipping
========================================================================
Worker process is ready to serve import requests
Launched and connected shader compiler UnityShaderCompiler.exe after 0.04 seconds
Refreshing native plugins compatible for Editor in 0.91 ms, found 3 plugins.
Preloading 0 native plugins for Editor in 0.00 ms.
Unloading 4652 Unused Serialized files (Serialized files now loaded: 0)
System memory in use before: 184.8 MB.
System memory in use after: 185.0 MB.

Unloading 24 unused Assets to reduce memory usage. Loaded Objects now: 5110.
Total: 5.021100 ms (FindLiveObjects: 0.534100 ms CreateObjectMapping: 0.313400 ms MarkObjects: 4.095400 ms  DeleteObjects: 0.076900 ms)

AssetImportParameters requested are different than current active one (requested -> active):
  custom:framework-win-MediaFoundation: 216162199b28c13a410421893ffa2e32 -> 
  custom:video-decoder-ogg-theora: a1e56fd34408186e4bbccfd4996cb3dc -> 
  custom:container-muxer-webm: aa71ff27fc2769a1b78a27578f13a17b -> 
  custom:container-demuxer-webm: 4f35f7cbe854078d1ac9338744f61a02 -> 
  custom:container-demuxer-ogg: 62fdf1f143b41e24485cea50d1cbac27 -> 
  custom:video-encoder-webm-vp8: eb34c28f22e8b96e1ab97ce403110664 -> 
  custom:video-decoder-webm-vp8: 9c59270c3fd7afecdb556c50c9e8de78 -> 
  custom:audio-decoder-ogg-vorbis: bf7c407c2cedff20999df2af8eb42d56 -> 
  custom:audio-encoder-webm-vorbis: bf7c407c2cedff20999df2af8eb42d56 -> 
========================================================================
Received Import Request.
  path: Packages/com.unity.visualscripting/Editor/VisualScripting.Flow/EditorAssetResources/Icons/Types/Unity.VisualScripting.OnCollisionEnter2D@32x.png
  artifactKey: Guid(80449982995711b4f9cca1fbb935a75a) Importer(815301076,1909f56bfc062723c751e8b465ee728b)
Start importing Packages/com.unity.visualscripting/Editor/VisualScripting.Flow/EditorAssetResources/Icons/Types/Unity.VisualScripting.OnCollisionEnter2D@32x.png using Guid(80449982995711b4f9cca1fbb935a75a) Importer(815301076,1909f56bfc062723c751e8b465ee728b)  -> (artifact id: 'd47799ff9cb23a0e70f8822e923a56bc') in 0.094224 seconds 
  Import took 0.100337 seconds .

========================================================================
Received Import Request.
  Time since last request: 0.000310 seconds.
  path: Packages/com.unity.visualscripting/Editor/VisualScripting.Flow/EditorAssetResources/Icons/Types/Unity.VisualScripting.OnCollisionEnter2D@16x.png
  artifactKey: Guid(6d53bac2a69d40745b673116494d9eb2) Importer(815301076,1909f56bfc062723c751e8b465ee728b)
Start importing Packages/com.unity.visualscripting/Editor/VisualScripting.Flow/EditorAssetResources/Icons/Types/Unity.VisualScripting.OnCollisionEnter2D@16x.png using Guid(6d53bac2a69d40745b673116494d9eb2) Importer(815301076,1909f56bfc062723c751e8b465ee728b)  -> (artifact id: '6d9415c8aa2bae7799d3099aa301cc3e') in 0.016186 seconds 
  Import took 0.022123 seconds .

========================================================================
Received Import Request.
  Time since last request: 0.000300 seconds.
  path: Packages/com.unity.visualscripting/Editor/VisualScripting.Flow/EditorAssetResources/Icons/Types/Unity.VisualScripting.OnCollisionExit2D@32x.png
  artifactKey: Guid(ab589610fa1b7e847b6e4cab92f2c79f) Importer(815301076,1909f56bfc062723c751e8b465ee728b)
Start importing Packages/com.unity.visualscripting/Editor/VisualScripting.Flow/EditorAssetResources/Icons/Types/Unity.VisualScripting.OnCollisionExit2D@32x.png using Guid(ab589610fa1b7e847b6e4cab92f2c79f) Importer(815301076,1909f56bfc062723c751e8b465ee728b)  -> (artifact id: '538c83758dbd1486e7e943426cff4631') in 0.021533 seconds 
  Import took 0.029291 seconds .

========================================================================
Received Import Request.
  Time since last request: 0.000245 seconds.
  path: Packages/com.unity.visualscripting/Editor/VisualScripting.Flow/EditorAssetResources/Icons/Types/Unity.VisualScripting.OnCollisionStay2D@32x.png
  artifactKey: Guid(d939c33ada9a1a3488c1c291971a86cf) Importer(815301076,1909f56bfc062723c751e8b465ee728b)
Start importing Packages/com.unity.visualscripting/Editor/VisualScripting.Flow/EditorAssetResources/Icons/Types/Unity.VisualScripting.OnCollisionStay2D@32x.png using Guid(d939c33ada9a1a3488c1c291971a86cf) Importer(815301076,1909f56bfc062723c751e8b465ee728b)  -> (artifact id: '4d7d11b6a829e9760f8df74da4234176') in 0.014821 seconds 
  Import took 0.021379 seconds .

========================================================================
Received Import Request.
  Time since last request: 0.000248 seconds.
  path: Packages/com.unity.visualscripting/Editor/VisualScripting.Flow/EditorAssetResources/Icons/Types/Unity.VisualScripting.OnCollisionExit2D@16x.png
  artifactKey: Guid(59eec03ab7b9afc4cb3f2f2042594a07) Importer(815301076,1909f56bfc062723c751e8b465ee728b)
Start importing Packages/com.unity.visualscripting/Editor/VisualScripting.Flow/EditorAssetResources/Icons/Types/Unity.VisualScripting.OnCollisionExit2D@16x.png using Guid(59eec03ab7b9afc4cb3f2f2042594a07) Importer(815301076,1909f56bfc062723c751e8b465ee728b)  -> (artifact id: 'd146290e4535cf01942b9da4f96a2410') in 0.017938 seconds 
  Import took 0.024479 seconds .

========================================================================
Received Import Request.
  Time since last request: 0.000259 seconds.
  path: Packages/com.unity.visualscripting/Editor/VisualScripting.Flow/EditorAssetResources/Icons/Types/Unity.VisualScripting.OnParticleCollision@16x.png
  artifactKey: Guid(a81a1f7693970e04bb8c401bb6dc7767) Importer(815301076,1909f56bfc062723c751e8b465ee728b)
Start importing Packages/com.unity.visualscripting/Editor/VisualScripting.Flow/EditorAssetResources/Icons/Types/Unity.VisualScripting.OnParticleCollision@16x.png using Guid(a81a1f7693970e04bb8c401bb6dc7767) Importer(815301076,1909f56bfc062723c751e8b465ee728b)  -> (artifact id: '9eddbee15ecb06fd75fa41fe17658b84') in 0.014593 seconds 
  Import took 0.020789 seconds .

========================================================================
Received Import Request.
  Time since last request: 0.000282 seconds.
  path: Packages/com.unity.visualscripting/Editor/VisualScripting.Core/EditorAssetResources/Icons/Types/UnityEngine.ParticleCollisionEvent@16x.png
  artifactKey: Guid(ef209b9ec807b284e8725e6c557bd761) Importer(815301076,1909f56bfc062723c751e8b465ee728b)
Start importing Packages/com.unity.visualscripting/Editor/VisualScripting.Core/EditorAssetResources/Icons/Types/UnityEngine.ParticleCollisionEvent@16x.png using Guid(ef209b9ec807b284e8725e6c557bd761) Importer(815301076,1909f56bfc062723c751e8b465ee728b)  -> (artifact id: 'a4cefd58c86fcaaed0229b0ecbd9b4b6') in 0.014520 seconds 
  Import took 0.020565 seconds .

========================================================================
Received Import Request.
  Time since last request: 0.000219 seconds.
  path: Packages/com.unity.visualscripting/Editor/VisualScripting.Flow/EditorAssetResources/Icons/Types/Unity.VisualScripting.OnCollisionExit@16x.png
  artifactKey: Guid(2cb8f4072e2a49c40acadfd117cad55c) Importer(815301076,1909f56bfc062723c751e8b465ee728b)
Start importing Packages/com.unity.visualscripting/Editor/VisualScripting.Flow/EditorAssetResources/Icons/Types/Unity.VisualScripting.OnCollisionExit@16x.png using Guid(2cb8f4072e2a49c40acadfd117cad55c) Importer(815301076,1909f56bfc062723c751e8b465ee728b)  -> (artifact id: '42b7c3e491bc6d6d0e271d3e8ffc76c7') in 0.017824 seconds 
  Import took 0.024188 seconds .

========================================================================
Received Import Request.
  Time since last request: 0.000256 seconds.
  path: Packages/com.unity.visualscripting/Editor/VisualScripting.Flow/EditorAssetResources/Icons/Types/Unity.VisualScripting.OnCollisionStay2D@16x.png
  artifactKey: Guid(c05102f13358b374dad66906680f5781) Importer(815301076,1909f56bfc062723c751e8b465ee728b)
Start importing Packages/com.unity.visualscripting/Editor/VisualScripting.Flow/EditorAssetResources/Icons/Types/Unity.VisualScripting.OnCollisionStay2D@16x.png using Guid(c05102f13358b374dad66906680f5781) Importer(815301076,1909f56bfc062723c751e8b465ee728b)  -> (artifact id: 'e6bb3adb8cb53215667e8695ebff43da') in 0.014842 seconds 
  Import took 0.021724 seconds .

========================================================================
Received Import Request.
  Time since last request: 0.000225 seconds.
  path: Packages/com.unity.visualscripting/Editor/VisualScripting.Flow/EditorAssetResources/Icons/Types/Unity.VisualScripting.OnParticleCollision@32x.png
  artifactKey: Guid(1bd7f3a0c6eb6634a9693c4f811c2bb9) Importer(815301076,1909f56bfc062723c751e8b465ee728b)
Start importing Packages/com.unity.visualscripting/Editor/VisualScripting.Flow/EditorAssetResources/Icons/Types/Unity.VisualScripting.OnParticleCollision@32x.png using Guid(1bd7f3a0c6eb6634a9693c4f811c2bb9) Importer(815301076,1909f56bfc062723c751e8b465ee728b)  -> (artifact id: 'ff50889b1be785784c77472060d42c68') in 0.014941 seconds 
  Import took 0.021967 seconds .

========================================================================
Received Import Request.
  Time since last request: 0.000249 seconds.
  path: Packages/com.unity.visualscripting/Editor/VisualScripting.Flow/EditorAssetResources/Icons/Types/Unity.VisualScripting.OnCollisionEnter@16x.png
  artifactKey: Guid(abdec9b420fa653409f2ebf38f50ac90) Importer(815301076,1909f56bfc062723c751e8b465ee728b)
Start importing Packages/com.unity.visualscripting/Editor/VisualScripting.Flow/EditorAssetResources/Icons/Types/Unity.VisualScripting.OnCollisionEnter@16x.png using Guid(abdec9b420fa653409f2ebf38f50ac90) Importer(815301076,1909f56bfc062723c751e8b465ee728b)  -> (artifact id: '11463b81f1fe4d7fb793b27d2a1239ae') in 0.014612 seconds 
  Import took 0.021889 seconds .

========================================================================
Received Import Request.
  Time since last request: 0.000279 seconds.
  path: Packages/com.unity.visualscripting/Editor/VisualScripting.Flow/EditorAssetResources/Icons/Types/Unity.VisualScripting.OnCollisionStay@32x.png
  artifactKey: Guid(044b8230eca73bd479e838babbc1e083) Importer(815301076,1909f56bfc062723c751e8b465ee728b)
Start importing Packages/com.unity.visualscripting/Editor/VisualScripting.Flow/EditorAssetResources/Icons/Types/Unity.VisualScripting.OnCollisionStay@32x.png using Guid(044b8230eca73bd479e838babbc1e083) Importer(815301076,1909f56bfc062723c751e8b465ee728b)  -> (artifact id: '5152edbb666329fd40705924c97bef9a') in 0.014533 seconds 
  Import took 0.021427 seconds .

========================================================================
Received Import Request.
  Time since last request: 0.000340 seconds.
  path: Packages/com.unity.visualscripting/Editor/VisualScripting.Core/EditorAssetResources/Icons/Types/UnityEngine.ParticleCollisionEvent@32x.png
  artifactKey: Guid(e2a5aaa51668e3f4181606b681c8c936) Importer(815301076,1909f56bfc062723c751e8b465ee728b)
Start importing Packages/com.unity.visualscripting/Editor/VisualScripting.Core/EditorAssetResources/Icons/Types/UnityEngine.ParticleCollisionEvent@32x.png using Guid(e2a5aaa51668e3f4181606b681c8c936) Importer(815301076,1909f56bfc062723c751e8b465ee728b)  -> (artifact id: '63341d1a8ad483861a5fe4874bc32d52') in 0.015228 seconds 
  Import took 0.021801 seconds .

========================================================================
Received Import Request.
  Time since last request: 0.000213 seconds.
  path: Packages/com.unity.visualscripting/Editor/VisualScripting.Flow/EditorAssetResources/Icons/Types/Unity.VisualScripting.OnCollisionExit@32x.png
  artifactKey: Guid(8930de87971079940930ebe5df3359b0) Importer(815301076,1909f56bfc062723c751e8b465ee728b)
Start importing Packages/com.unity.visualscripting/Editor/VisualScripting.Flow/EditorAssetResources/Icons/Types/Unity.VisualScripting.OnCollisionExit@32x.png using Guid(8930de87971079940930ebe5df3359b0) Importer(815301076,1909f56bfc062723c751e8b465ee728b)  -> (artifact id: '49a22ec219620c2005476f95cbd4247e') in 0.015768 seconds 
  Import took 0.023097 seconds .

========================================================================
Received Import Request.
  Time since last request: 0.000253 seconds.
  path: Packages/com.unity.visualscripting/Editor/VisualScripting.Flow/EditorAssetResources/Icons/Types/Unity.VisualScripting.OnCollisionStay@16x.png
  artifactKey: Guid(77273cf60b06a474dbfbd1e6c076a616) Importer(815301076,1909f56bfc062723c751e8b465ee728b)
Start importing Packages/com.unity.visualscripting/Editor/VisualScripting.Flow/EditorAssetResources/Icons/Types/Unity.VisualScripting.OnCollisionStay@16x.png using Guid(77273cf60b06a474dbfbd1e6c076a616) Importer(815301076,1909f56bfc062723c751e8b465ee728b)  -> (artifact id: '0e945ec45b1685b406cca2b4d6bd6127') in 0.014290 seconds 
  Import took 0.021194 seconds .

========================================================================
Received Import Request.
  Time since last request: 0.000296 seconds.
  path: Packages/com.unity.visualscripting/Editor/VisualScripting.Flow/EditorAssetResources/Icons/Types/Unity.VisualScripting.OnCollisionEnter@32x.png
  artifactKey: Guid(901beb359b97a9f4c8ea5e5a8f5b72ca) Importer(815301076,1909f56bfc062723c751e8b465ee728b)
Start importing Packages/com.unity.visualscripting/Editor/VisualScripting.Flow/EditorAssetResources/Icons/Types/Unity.VisualScripting.OnCollisionEnter@32x.png using Guid(901beb359b97a9f4c8ea5e5a8f5b72ca) Importer(815301076,1909f56bfc062723c751e8b465ee728b)  -> (artifact id: 'd4303a64c8371aca7ba00ff8d5a93d2a') in 0.020310 seconds 
  Import took 0.026821 seconds .

AssetImportWorkerClient::OnTransportError - code=2 error=End of file
